<?xml version="1.0" encoding="utf-8" standalone="no"?>
<test-run id="0" runstate="Runnable" testcasecount="3" result="Passed" total="3" passed="3" failed="0" warnings="0" inconclusive="0" skipped="0" asserts="7" engine-version="3.19.2.0" clr-version="4.0.30319.42000" start-time="2025-02-20 14:43:22Z" end-time="2025-02-20 14:44:02Z" duration="34.951591">
  <command-line><![CDATA["C:\ProgramData\chocolatey\lib\nunit-console-runner\tools\nunit3-console.exe" bin\Debug\net8.0-windows\NotepadTest.dll --result=TestResults.xml]]></command-line>
  <test-suite type="Assembly" id="1-1004" name="NotepadTest.dll" fullname="C:/Users/tridq/Desktop/EndavaCSharpStudy/NotepadTest/bin/Debug/net8.0-windows/NotepadTest.dll" runstate="Runnable" testcasecount="3" result="Passed" start-time="2025-02-20T14:43:28.4383163Z" end-time="2025-02-20T14:44:02.4746594Z" duration="30.652428" total="3" passed="3" failed="0" warnings="0" inconclusive="0" skipped="0" asserts="7">
    <environment framework-version="3.14.0.0" clr-version="8.0.13" os-version="Microsoft Windows 10.0.26100" platform="Win32NT" cwd="C:\Users\tridq\Desktop\EndavaCSharpStudy\NotepadTest" machine-name="TRILAPTOP" user="tridq" user-domain="TRILAPTOP" culture="en-US" uiculture="en-US" os-architecture="x64" />
    <settings>
      <setting name="DisposeRunners" value="True" />
      <setting name="WorkDirectory" value="C:\Users\tridq\Desktop\EndavaCSharpStudy\NotepadTest" />
      <setting name="ImageRuntimeVersion" value="4.0.30319" />
      <setting name="ImageTargetFrameworkName" value=".NETCoreApp,Version=v8.0" />
      <setting name="ImageRequiresX86" value="False" />
      <setting name="ImageRequiresDefaultAppDomainAssemblyResolver" value="False" />
      <setting name="TargetRuntimeFramework" value="netcore-8.0" />
      <setting name="NumberOfTestWorkers" value="3" />
    </settings>
    <properties>
      <property name="_PID" value="2444" />
      <property name="_APPDOMAIN" value="nunit-agent" />
    </properties>
    <test-suite type="TestSuite" id="1-1005" name="NotepadPlusPlusAutomationTests" fullname="NotepadPlusPlusAutomationTests" runstate="Runnable" testcasecount="3" result="Passed" start-time="2025-02-20T14:43:28.4454430Z" end-time="2025-02-20T14:44:02.4746503Z" duration="30.647209" total="3" passed="3" failed="0" warnings="0" inconclusive="0" skipped="0" asserts="7">
      <test-suite type="TestFixture" id="1-1000" name="NotepadTests" fullname="NotepadPlusPlusAutomationTests.NotepadTests" classname="NotepadPlusPlusAutomationTests.NotepadTests" runstate="Runnable" testcasecount="3" result="Passed" start-time="2025-02-20T14:43:28.4484132Z" end-time="2025-02-20T14:44:02.4743070Z" duration="30.644662" total="3" passed="3" failed="0" warnings="0" inconclusive="0" skipped="0" asserts="7">
        <test-case id="1-1001" name="TestClickSearchAndFind" fullname="NotepadPlusPlusAutomationTests.NotepadTests.TestClickSearchAndFind" methodname="TestClickSearchAndFind" classname="NotepadPlusPlusAutomationTests.NotepadTests" runstate="Runnable" seed="46041240" result="Passed" start-time="2025-02-20T14:43:28.4519731Z" end-time="2025-02-20T14:43:36.9768566Z" duration="6.877843" asserts="0">
          <output><![CDATA[Attempting to launch Notepad++...
Notepad++ launched successfully.
Test passed: 'Find' dialog opened successfully.
]]></output>
        </test-case>
        <test-case id="1-1003" name="TestCopyTextFromOneFileToAnother" fullname="NotepadPlusPlusAutomationTests.NotepadTests.TestCopyTextFromOneFileToAnother" methodname="TestCopyTextFromOneFileToAnother" classname="NotepadPlusPlusAutomationTests.NotepadTests" runstate="Runnable" seed="1108154181" result="Passed" start-time="2025-02-20T14:43:36.9797271Z" end-time="2025-02-20T14:43:49.8062223Z" duration="11.241583" asserts="2">
          <output><![CDATA[Attempting to launch Notepad++...
Notepad++ launched successfully.
✅ Text copied successfully.
✅ Text pasted into the second file.
✅ Copy-Paste operation verified successfully.
]]></output>
        </test-case>
        <test-case id="1-1002" name="TestDropdownSelectAndFindText" fullname="NotepadPlusPlusAutomationTests.NotepadTests.TestDropdownSelectAndFindText" methodname="TestDropdownSelectAndFindText" classname="NotepadPlusPlusAutomationTests.NotepadTests" runstate="Runnable" seed="1496379006" result="Passed" start-time="2025-02-20T14:43:49.8063441Z" end-time="2025-02-20T14:44:02.4729235Z" duration="12.518798" asserts="5">
          <output><![CDATA[Attempting to launch Notepad++...
Notepad++ launched successfully.
✅ First word found: Hello,
✅ Search completed for the word: Hello,
✅ The 'Find' dialog successfully opened using Ctrl + F.
✅ Find dialog detected.
✅ Clicked 'Dropdown' button.
✅ Clicked 'Find Next' button.
✅ Screenshot saved at: C:\Temp\FindDialogScreenshot.png

📌 Extracted Text from Image:
Find

Find Replace Findin Files Find in Projects Mark

pointes |

Onselection

CBackward direction

CO match whole word only:

Omatch case

wrap around

Search Mode

ONormal

(extended (1, Ws ts Or e.-)

OReguiar expression (") . matches newline

Find: Reached document end first occurrence from the top found.
✅ Test Passed: The extracted text contains the expected message.
]]></output>
        </test-case>
      </test-suite>
    </test-suite>
  </test-suite>
</test-run>